s:\du_memadi\du_memadi\debug\vc110.pdb
s:\du_memadi\debug\du_memadi.pdb
f:\du_memadi\du_memadi\debug\vc141.pdb
f:\du_memadi\du_memadi\debug\vc141.idb
f:\du_memadi\du_memadi\debug\du_memadi.obj
f:\du_memadi\debug\du_memadi.ilk
f:\du_memadi\debug\du_memadi.exe
f:\du_memadi\debug\du_memadi.pdb
f:\du_memadi\du_memadi\debug\cl.command.1.tlog
f:\du_memadi\du_memadi\debug\cl.read.1.tlog
f:\du_memadi\du_memadi\debug\cl.write.1.tlog
f:\du_memadi\du_memadi\debug\link-cvtres.read.1.tlog
f:\du_memadi\du_memadi\debug\link-cvtres.write.1.tlog
f:\du_memadi\du_memadi\debug\link-rc.read.1.tlog
f:\du_memadi\du_memadi\debug\link-rc.write.1.tlog
f:\du_memadi\du_memadi\debug\link.command.1.tlog
f:\du_memadi\du_memadi\debug\link.read.1.tlog
f:\du_memadi\du_memadi\debug\link.write.1.tlog
f:\du_memadi\du_memadi\debug\vc110.idb
f:\du_memadi\du_memadi\debug\vc110.pdb
f:\du_memadi\du_memadi\debug\du_memadi.tlog\cl.read.1.tlog
f:\du_memadi\du_memadi\debug\du_memadi.tlog\cl.write.1.tlog
f:\du_memadi\du_memadi\debug\du_memadi.tlog\cl.command.1.tlog
f:\du_memadi\du_memadi\debug\du_memadi.tlog\link.read.1.tlog
f:\du_memadi\du_memadi\debug\du_memadi.tlog\link.write.1.tlog
f:\du_memadi\du_memadi\debug\du_memadi.tlog\link.delete.1.tlog
f:\du_memadi\du_memadi\debug\du_memadi.tlog\link.command.1.tlog
